.next/types/app/invitation/[id]/page.ts(34,29): error TS2344: Type 'InvitationPageProps' does not satisfy the constraint 'PageProps'.
  Types of property 'params' are incompatible.
    Type '{ id: string; }' is missing the following properties from type 'Promise<any>': then, catch, finally, [Symbol.toStringTag]
jest.config.ts(1,29): error TS2307: Cannot find module 'jest' or its corresponding type declarations.
prisma/seed.ts(240,9): error TS6133: 'claraBTG' is declared but its value is never read.
prisma/seed.ts(307,9): error TS6133: 'claraSharedBTG' is declared but its value is never read.
prisma/seed.ts(346,9): error TS6133: 'joaoSantander' is declared but its value is never read.
prisma/seed.ts(373,9): error TS6133: 'anaItau' is declared but its value is never read.
src/app/(private)/accounts/actions.ts(115,9): error TS6133: 'bankCode' is declared but its value is never read.
src/app/(private)/accounts/actions.ts(182,38): error TS6133: 'prevState' is declared but its value is never read.
src/app/(private)/accounts/actions.ts(202,38): error TS6133: 'prevState' is declared but its value is never read.
src/app/(private)/accounts/actions.ts(223,38): error TS6133: 'prevState' is declared but its value is never read.
src/app/(private)/accounts/actions.ts(243,44): error TS6133: 'prevState' is declared but its value is never read.
src/app/(private)/accounts/actions.ts(243,76): error TS6133: 'formData' is declared but its value is never read.
src/app/(private)/accounts/page.tsx(6,1): error TS6133: 'User' is declared but its value is never read.
src/app/(private)/dashboard/page.tsx(13,1): error TS6192: All imports in import declaration are unused.
src/app/(private)/dashboard/page.tsx(47,30): error TS6133: 'accessInfo' is declared but its value is never read.
src/app/(private)/goals/[id]/manage/page.tsx(9,1): error TS6133: 'Vault' is declared but its value is never read.
src/app/(private)/goals/[id]/page.tsx(30,11): error TS2322: Type 'TransactionWithRelations[]' is not assignable to type 'Transaction[]'.
  Type 'TransactionWithRelations' is missing the following properties from type 'Transaction': ownerId, ownerType
src/app/(private)/goals/actions.ts(62,40): error TS6133: 'prevState' is declared but its value is never read.
src/app/(private)/goals/actions.ts(89,40): error TS6133: 'prevState' is declared but its value is never read.
src/app/(private)/goals/actions.ts(194,43): error TS6133: 'prevState' is declared but its value is never read.
src/app/(private)/goals/actions.ts(198,46): error TS6133: 'prevState' is declared but its value is never read.
src/app/(private)/goals/new/page.tsx(6,1): error TS6133: 'Link' is declared but its value is never read.
src/app/(private)/goals/new/page.tsx(27,10): error TS6133: 'ArrowLeft' is declared but its value is never read.
src/app/(private)/goals/new/page.tsx(27,27): error TS6133: 'PiggyBank' is declared but its value is never read.
src/app/(private)/goals/new/page.tsx(29,18): error TS6133: 'AnimatePresence' is declared but its value is never read.
src/app/(private)/goals/page.tsx(1,1): error TS6133: 'redirect' is declared but its value is never read.
src/app/(private)/invite/actions.ts(25,3): error TS6133: 'prevState' is declared but its value is never read.
src/app/(private)/invite/page.tsx(2,1): error TS6133: 'redirect' is declared but its value is never read.
src/app/(private)/invite/page.tsx(7,1): error TS6192: All imports in import declaration are unused.
src/app/(private)/invite/page.tsx(14,1): error TS6133: 'Separator' is declared but its value is never read.
src/app/(private)/notifications/actions.ts(6,1): error TS6133: 'VaultService' is declared but its value is never read.
src/app/(private)/notifications/page.tsx(1,1): error TS6133: 'redirect' is declared but its value is never read.
src/app/(private)/notifications/page.tsx(9,9): error TS6133: 'user' is declared but its value is never read.
src/app/(private)/patrimonio/actions.ts(4,1): error TS6133: 'AccountService' is declared but its value is never read.
src/app/(private)/patrimonio/page.tsx(1,1): error TS6133: 'redirect' is declared but its value is never read.
src/app/(private)/patrimonio/page.tsx(4,1): error TS6133: 'Button' is declared but its value is never read.
src/app/(private)/patrimonio/page.tsx(5,1): error TS6192: All imports in import declaration are unused.
src/app/(private)/patrimonio/page.tsx(10,1): error TS6133: 'motion' is declared but its value is never read.
src/app/(private)/profile/actions.ts(81,43): error TS6133: 'prevState' is declared but its value is never read.
src/app/(private)/profile/actions.ts(156,42): error TS6133: 'prevState' is declared but its value is never read.
src/app/(private)/profile/actions.ts(297,40): error TS6133: 'prevState' is declared but its value is never read.
src/app/(private)/recurring/page.tsx(2,1): error TS6133: 'redirect' is declared but its value is never read.
src/app/(private)/reports/actions.ts(21,50): error TS6133: 'prevState' is declared but its value is never read.
src/app/(private)/reports/not-found.tsx(3,21): error TS6133: 'Home' is declared but its value is never read.
src/app/(private)/reports/not-found.tsx(3,38): error TS6133: 'FileText' is declared but its value is never read.
src/app/(private)/reports/not-found.tsx(3,60): error TS6133: 'Sparkles' is declared but its value is never read.
src/app/(private)/transactions/actions.ts(207,3): error TS6133: 'prevState' is declared but its value is never read.
src/app/(private)/transactions/actions.ts(263,3): error TS6133: 'prevState' is declared but its value is never read.
src/app/(private)/transactions/actions.ts(342,3): error TS6133: 'prevState' is declared but its value is never read.
src/app/(private)/transactions/not-found.tsx(3,19): error TS6133: 'Home' is declared but its value is never read.
src/app/(private)/transactions/page.tsx(2,1): error TS6133: 'Link' is declared but its value is never read.
src/app/(private)/transactions/page.tsx(3,1): error TS6133: 'ArrowLeft' is declared but its value is never read.
src/app/(private)/transactions/page.tsx(9,1): error TS6133: 'Button' is declared but its value is never read.
src/app/(private)/transactions/page.tsx(16,1): error TS6133: 'User' is declared but its value is never read.
src/app/api/debug/user/route.ts(5,27): error TS6133: 'request' is declared but its value is never read.
src/app/api/debug/user/route.ts(9,19): error TS2339: Property 'user' does not exist on type 'never'.
src/app/api/debug/user/route.ts(14,56): error TS2339: Property 'user' does not exist on type 'never'.
src/app/api/debug/user/route.ts(29,21): error TS2339: Property 'user' does not exist on type 'never'.
src/app/api/debug/user/route.ts(30,24): error TS2339: Property 'user' does not exist on type 'never'.
src/app/api/debug/user/route.ts(31,23): error TS2339: Property 'user' does not exist on type 'never'.
src/app/api/debug/user/route.ts(32,24): error TS2339: Property 'user' does not exist on type 'never'.
src/app/api/debug/user/route.ts(33,28): error TS2339: Property 'user' does not exist on type 'never'.
src/app/api/debug/user/route.ts(34,36): error TS2339: Property 'user' does not exist on type 'never'.
src/app/api/test/s3-upload/route.ts(9,19): error TS2339: Property 'user' does not exist on type 'never'.
src/app/api/webhooks/kiwify/route.ts(4,1): error TS6133: 'bcrypt' is declared but its value is never read.
src/app/auth/actions.ts(18,41): error TS6133: 'prevState' is declared but its value is never read.
src/app/forgot-password/page.tsx(4,1): error TS6133: 'useRouter' is declared but its value is never read.
src/app/forgot-password/page.tsx(5,1): error TS6133: 'Button' is declared but its value is never read.
src/app/forgot-password/page.tsx(13,3): error TS6133: 'CardFooter' is declared but its value is never read.
src/app/goals/not-found.tsx(3,18): error TS6133: 'Home' is declared but its value is never read.
src/app/goals/not-found.tsx(3,53): error TS6133: 'Sparkles' is declared but its value is never read.
src/app/invitation/[id]/page.tsx(29,9): error TS6133: 'session' is declared but its value is never read.
src/app/login/actions.ts(27,3): error TS6133: 'prevState' is declared but its value is never read.
src/app/login/page.tsx(9,1): error TS6133: 'LoadingButton' is declared but its value is never read.
src/app/login/page.tsx(33,9): error TS6133: 'showLoading' is declared but its value is never read.
src/app/login/page.tsx(34,9): error TS6133: 'executeWithLoading' is declared but its value is never read.
src/app/not-found.tsx(11,1): error TS6133: 'motion' is declared but its value is never read.
src/app/register/actions.ts(30,3): error TS6133: 'prevState' is declared but its value is never read.
src/app/register/page.tsx(8,1): error TS6133: 'LoadingButton' is declared but its value is never read.
src/app/register/page.tsx(32,11): error TS6133: 'executeWithLoading' is declared but its value is never read.
src/app/tutorial/page.tsx(3,53): error TS6133: 'Paintbrush' is declared but its value is never read.
src/app/vaults/actions.ts(83,3): error TS6133: 'prevState' is declared but its value is never read.
src/app/vaults/actions.ts(198,27): error TS6133: 'deleteFile' is declared but its value is never read.
src/app/vaults/actions.ts(492,3): error TS6133: 'prevState' is declared but its value is never read.
src/app/vaults/not-found.tsx(3,47): error TS6133: 'Sparkles' is declared but its value is never read.
src/app/vaults/not-found.tsx(3,57): error TS6133: 'MoveRight' is declared but its value is never read.
src/app/vaults/page.tsx(8,1): error TS6133: 'AccessBanner' is declared but its value is never read.
src/app/vaults/page.tsx(9,1): error TS6133: 'cache' is declared but its value is never read.
src/components/dashboard/add-transaction-sheet.tsx(5,1): error TS6133: 'useSession' is declared but its value is never read.
src/components/dashboard/add-transaction-sheet.tsx(17,3): error TS6133: 'TableBody' is declared but its value is never read.
src/components/dashboard/add-transaction-sheet.tsx(38,70): error TS6133: 'ListFilter' is declared but its value is never read.
src/components/dashboard/dashboard-client.tsx(5,1): error TS6192: All imports in import declaration are unused.
src/components/dashboard/dashboard-client.tsx(6,1): error TS6192: All imports in import declaration are unused.
src/components/dashboard/dashboard-client.tsx(68,3): error TS6133: 'currentUser' is declared but its value is never read.
src/components/dashboard/dashboard-client.tsx(69,3): error TS6133: 'partner' is declared but its value is never read.
src/components/dashboard/goal-buckets.tsx(12,1): error TS6133: 'Progress' is declared but its value is never read.
src/components/dashboard/goal-buckets.tsx(24,1): error TS6192: All imports in import declaration are unused.
src/components/dashboard/goal-buckets.tsx(25,1): error TS6192: All imports in import declaration are unused.
src/components/dashboard/goal-buckets.tsx(27,1): error TS6133: 'cn' is declared but its value is never read.
src/components/dashboard/header-client.tsx(6,64): error TS6133: 'Building2' is declared but its value is never read.
src/components/dashboard/header-client.tsx(27,9): error TS6133: 'themeVersion' is declared but its value is never read.
src/components/dashboard/header.tsx(2,1): error TS6133: 'Link' is declared but its value is never read.
src/components/dashboard/header.tsx(5,1): error TS6133: 'Button' is declared but its value is never read.
src/components/dashboard/header.tsx(7,1): error TS6192: All imports in import declaration are unused.
src/components/dashboard/header.tsx(9,1): error TS6192: All imports in import declaration are unused.
src/components/dashboard/header.tsx(17,1): error TS6192: All imports in import declaration are unused.
src/components/dashboard/header.tsx(18,1): error TS6133: 'ThemeSwitcher' is declared but its value is never read.
src/components/dashboard/invite-button.tsx(4,1): error TS6133: 'Link' is declared but its value is never read.
src/components/dashboard/invite-button.tsx(12,11): error TS6133: 'showLoading' is declared but its value is never read.
src/components/dashboard/motivational-nudge.tsx(5,16): error TS6133: 'CardContent' is declared but its value is never read.
src/components/dashboard/motivational-nudge.tsx(14,13): error TS6133: 'notification' is declared but its value is never read.
src/components/dashboard/net-worth-summary.tsx(13,1): error TS6133: 'Button' is declared but its value is never read.
src/components/dashboard/net-worth-summary.tsx(15,1): error TS6133: 'motion' is declared but its value is never read.
src/components/dashboard/notifications-dropdown.tsx(46,24): error TS6133: 'hideLoading' is declared but its value is never read.
src/components/dashboard/recent-transactions.tsx(12,1): error TS6133: 'Badge' is declared but its value is never read.
src/components/dashboard/recent-transactions.tsx(26,3): error TS6133: 'Wallet' is declared but its value is never read.
src/components/dashboard/recent-transactions.tsx(32,1): error TS6133: 'cn' is declared but its value is never read.
src/components/dashboard/recent-transactions.tsx(34,1): error TS6133: 'motion' is declared but its value is never read.
src/components/dashboard/recent-transactions.tsx(35,1): error TS6133: 'AnimatedCounter' is declared but its value is never read.
src/components/dashboard/recent-transactions.tsx(56,3): error TS6133: 'ownerType' is declared but its value is never read.
src/components/dashboard/recent-transactions.tsx(77,9): error TS6133: 'formatCurrency' is declared but its value is never read.
src/components/dashboard/recent-transactions.tsx(84,9): error TS6133: 'formatDate' is declared but its value is never read.
src/components/dashboard/recent-transactions.tsx(90,9): error TS6198: All destructured elements are unused.
src/components/dashboard/recent-transactions.tsx(92,9): error TS6133: 'PrivacyBlur' is declared but its value is never read.
src/components/dev/bank-logos-preview.tsx(15,18): error TS6133: 'Download' is declared but its value is never read.
src/components/dev/bank-logos-preview.tsx(20,10): error TS6133: 'showMissing' is declared but its value is never read.
src/components/dev/bank-logos-preview.tsx(20,23): error TS6133: 'setShowMissing' is declared but its value is never read.
src/components/dev/bank-logos-preview.tsx(48,17): error TS2322: Type '{ placeholder: string; value: string; onChange: (e: ChangeEvent<HTMLInputElement, HTMLInputElement>) => void; className: string; icon: Element; }' is not assignable to type 'IntrinsicAttributes & Omit<DetailedHTMLProps<InputHTMLAttributes<HTMLInputElement>, HTMLInputElement>, "ref"> & RefAttributes<...>'.
  Property 'icon' does not exist on type 'IntrinsicAttributes & Omit<DetailedHTMLProps<InputHTMLAttributes<HTMLInputElement>, HTMLInputElement>, "ref"> & RefAttributes<...>'.
src/components/goals/delete-goal-dialog.tsx(63,74): error TS2322: Type '{ children: string; onClick: () => void; disabled: boolean; variant: string; }' is not assignable to type 'IntrinsicAttributes & Omit<AlertDialogActionProps & RefAttributes<HTMLButtonElement>, "ref"> & RefAttributes<...>'.
  Property 'variant' does not exist on type 'IntrinsicAttributes & Omit<AlertDialogActionProps & RefAttributes<HTMLButtonElement>, "ref"> & RefAttributes<...>'.
src/components/goals/goal-card.tsx(3,1): error TS6133: 'Link' is declared but its value is never read.
src/components/goals/goal-card.tsx(32,3): error TS6133: 'userId' is declared but its value is never read.
src/components/goals/goal-card.tsx(34,3): error TS6133: 'onGoToWorkspace' is declared but its value is never read.
src/components/goals/goal-detail-client.tsx(6,10): error TS6133: 'ArrowLeft' is declared but its value is never read.
src/components/goals/goal-detail-client.tsx(8,1): error TS6192: All imports in import declaration are unused.
src/components/goals/goal-detail-client.tsx(21,1): error TS6133: 'Progress' is declared but its value is never read.
src/components/goals/goal-detail-client.tsx(59,74): error TS6133: 'userId' is declared but its value is never read.
src/components/goals/goal-detail-client.tsx(60,25): error TS6133: 'setCurrentAmount' is declared but its value is never read.
src/components/goals/goal-detail-client.tsx(62,9): error TS6133: 'hasAccounts' is declared but its value is never read.
src/components/goals/goal-detail-client.tsx(102,9): error TS6133: 'transactionButtons' is declared but its value is never read.
src/components/goals/goal-transaction-dialog.tsx(38,10): error TS6133: 'SubmitButton' is declared but its value is never read.
src/components/goals/goal-transaction-dialog.tsx(127,22): error TS6133: 'e' is declared but its value is never read.
src/components/goals/goals-page-client.tsx(11,1): error TS6192: All imports in import declaration are unused.
src/components/goals/remove-participant-dialog.tsx(35,9): error TS6133: 'handleRemove' is declared but its value is never read.
src/components/goals/remove-participant-dialog.tsx(72,46): error TS2322: Type '{ children: string; type: "submit"; variant: string; }' is not assignable to type 'IntrinsicAttributes & Omit<AlertDialogActionProps & RefAttributes<HTMLButtonElement>, "ref"> & RefAttributes<...>'.
  Property 'variant' does not exist on type 'IntrinsicAttributes & Omit<AlertDialogActionProps & RefAttributes<HTMLButtonElement>, "ref"> & RefAttributes<...>'.
src/components/invite/invitations-manager.tsx(6,1): error TS6133: 'cn' is declared but its value is never read.
src/components/invite/invite-form.tsx(5,1): error TS6192: All imports in import declaration are unused.
src/components/invite/invite-form.tsx(23,10): error TS6133: 'Mail' is declared but its value is never read.
src/components/landing-page/benefits-section.tsx(3,1): error TS6133: 'Badge' is declared but its value is never read.
src/components/landing-page/benefits-section.tsx(4,1): error TS6192: All imports in import declaration are unused.
src/components/landing-page/cta-section.tsx(4,1): error TS6133: 'GradientButton' is declared but its value is never read.
src/components/landing-page/features-section.tsx(3,1): error TS6133: 'Image' is declared but its value is never read.
src/components/landing-page/features-section.tsx(4,1): error TS6133: 'Badge' is declared but its value is never read.
src/components/landing-page/features-section.tsx(8,3): error TS6133: 'PiggyBank' is declared but its value is never read.
src/components/landing-page/hero-section.tsx(3,1): error TS6192: All imports in import declaration are unused.
src/components/landing-page/hero-section.tsx(5,1): error TS6133: 'GradientButton' is declared but its value is never read.
src/components/landing-page/hero-section.tsx(6,1): error TS6133: 'Link' is declared but its value is never read.
src/components/landing-page/hero-section.tsx(14,7): error TS6133: 'images' is declared but its value is never read.
src/components/landing-page/how-it-works-section.tsx(3,1): error TS6133: 'Badge' is declared but its value is never read.
src/components/landing-page/how-it-works-section.tsx(6,3): error TS6133: 'Users' is declared but its value is never read.
src/components/landing-page/landing-page-client.tsx(7,3): error TS6133: 'PWASection' is declared but its value is never read.
src/components/landing-page/news-section.tsx(7,3): error TS6133: 'useAnimationControls' is declared but its value is never read.
src/components/landing-page/news-section.tsx(231,22): error TS6133: 't' is declared but its value is never read.
src/components/landing-page/news-section.tsx(249,18): error TS6133: 'event' is declared but its value is never read.
src/components/landing-page/pricing-section.tsx(7,1): error TS6133: 'CouplesBadge' is declared but its value is never read.
src/components/landing-page/problem-solution-section.tsx(3,1): error TS6133: 'Badge' is declared but its value is never read.
src/components/landing-page/pwa-section.tsx(4,1): error TS6133: 'Badge' is declared but its value is never read.
src/components/landing-page/pwa-section.tsx(9,3): error TS6133: 'Sparkles' is declared but its value is never read.
src/components/landing-page/pwa-section.tsx(18,3): error TS6133: 'MousePointer2' is declared but its value is never read.
src/components/landing-page/story-section.tsx(10,3): error TS6133: 'useAnimationControls' is declared but its value is never read.
src/components/landing-page/story-section.tsx(235,22): error TS6133: 't' is declared but its value is never read.
src/components/landing-page/story-section.tsx(257,18): error TS6133: 'event' is declared but its value is never read.
src/components/notifications/delete-notification-dialog.tsx(59,55): error TS2322: Type '{ children: string; onClick: () => void; variant: string; }' is not assignable to type 'IntrinsicAttributes & Omit<AlertDialogActionProps & RefAttributes<HTMLButtonElement>, "ref"> & RefAttributes<...>'.
  Property 'variant' does not exist on type 'IntrinsicAttributes & Omit<AlertDialogActionProps & RefAttributes<HTMLButtonElement>, "ref"> & RefAttributes<...>'.
src/components/notifications/notifications-client.tsx(7,34): error TS6133: 'AvatarImage' is declared but its value is never read.
src/components/notifications/notifications-manager-old.tsx(25,46): error TS6133: 'CardHeader' is declared but its value is never read.
src/components/notifications/notifications-manager-old.tsx(228,41): error TS2339: Property 'title' does not exist on type 'NotificationData'.
src/components/notifications/notifications-manager-old.tsx(237,51): error TS2339: Property 'actionUrl' does not exist on type 'NotificationData'.
src/components/notifications/notifications-manager-old.tsx(239,48): error TS2339: Property 'actionUrl' does not exist on type 'NotificationData'.
src/components/notifications/notifications-manager.tsx(145,9): error TS6133: 'unreadCount' is declared but its value is never read.
src/components/patrimonio/account-row.tsx(4,10): error TS6133: 'Landmark' is declared but its value is never read.
src/components/profile/accounts-management.tsx(4,17): error TS6133: 'useState' is declared but its value is never read.
src/components/profile/accounts-management.tsx(6,1): error TS6133: 'useRouter' is declared but its value is never read.
src/components/profile/accounts-management.tsx(8,1): error TS6192: All imports in import declaration are unused.
src/components/profile/accounts-management.tsx(17,66): error TS6133: 'Eye' is declared but its value is never read.
src/components/profile/accounts-management.tsx(41,31): error TS6196: 'User' is declared but never used.
src/components/profile/accounts-management.tsx(432,88): error TS6133: 'workspaceName' is declared but its value is never read.
src/components/profile/accounts-management.tsx(432,103): error TS6133: 'isVaultOwner' is declared but its value is never read.
src/components/profile/accounts-management.tsx(433,11): error TS6133: 'isPersonalWorkspace' is declared but its value is never read.
src/components/profile/delete-category-dialog.tsx(14,18): error TS6133: 'buttonVariants' is declared but its value is never read.
src/components/profile/delete-category-dialog.tsx(17,47): error TS6133: 'useTransition' is declared but its value is never read.
src/components/profile/delete-category-dialog.tsx(21,1): error TS6133: 'cn' is declared but its value is never read.
src/components/profile/delete-category-dialog.tsx(59,46): error TS2322: Type '{ children: string; type: "submit"; variant: string; disabled: boolean; }' is not assignable to type 'IntrinsicAttributes & Omit<AlertDialogActionProps & RefAttributes<HTMLButtonElement>, "ref"> & RefAttributes<...>'.
  Property 'variant' does not exist on type 'IntrinsicAttributes & Omit<AlertDialogActionProps & RefAttributes<HTMLButtonElement>, "ref"> & RefAttributes<...>'.
src/components/profile/guests-management.tsx(132,83): error TS6133: 'currentUser' is declared but its value is never read.
src/components/profile/guests-management.tsx(157,47): error TS6133: 'userName' is declared but its value is never read.
src/components/profile/notifications-management.tsx(4,1): error TS6192: All imports in import declaration are unused.
src/components/profile/password-management.tsx(7,1): error TS6192: All imports in import declaration are unused.
src/components/profile/profile-form.tsx(7,1): error TS6192: All imports in import declaration are unused.
src/components/profile/profile-form.tsx(34,7): error TS6133: 'pastelColors' is declared but its value is never read.
src/components/profile/profile-form.tsx(65,10): error TS6133: 'selectedEmoji' is declared but its value is never read.
src/components/profile/profile-page-client.tsx(15,10): error TS6133: 'useEffect' is declared but its value is never read.
src/components/profile/profile-page-client.tsx(34,26): error TS6133: 'status' is declared but its value is never read.
src/components/profile/profile-page-client.tsx(36,24): error TS6133: 'hideLoading' is declared but its value is never read.
src/components/profile/vault-settings.tsx(3,17): error TS6133: 'useActionState' is declared but its value is never read.
src/components/profile/vault-settings.tsx(4,1): error TS6192: All imports in import declaration are unused.
src/components/recurring/installment-purchase-card.tsx(11,1): error TS6133: 'Progress' is declared but its value is never read.
src/components/recurring/recurring-page-client.tsx(3,26): error TS6133: 'useState' is declared but its value is never read.
src/components/recurring/recurring-page-client.tsx(5,1): error TS6192: All imports in import declaration are unused.
src/components/recurring/recurring-page-client.tsx(15,3): error TS6133: 'MoreHorizontal' is declared but its value is never read.
src/components/recurring/recurring-page-client.tsx(20,1): error TS6133: 'Badge' is declared but its value is never read.
src/components/recurring/recurring-page-client.tsx(21,1): error TS6133: 'Button' is declared but its value is never read.
src/components/recurring/recurring-page-client.tsx(23,1): error TS6192: All imports in import declaration are unused.
src/components/recurring/recurring-page-client.tsx(28,1): error TS6133: 'DeleteTransactionDialog' is declared but its value is never read.
src/components/recurring/recurring-page-client.tsx(30,1): error TS6133: 'cn' is declared but its value is never read.
src/components/recurring/recurring-page-client.tsx(33,10): error TS6133: 'formatCurrency' is declared but its value is never read.
src/components/recurring/recurring-page-client.tsx(37,10): error TS6133: 'formatDate' is declared but its value is never read.
src/components/recurring/recurring-page-client.tsx(62,9): error TS6133: 'router' is declared but its value is never read.
src/components/reports/report-chat.tsx(5,29): error TS6133: 'UserIcon' is declared but its value is never read.
src/components/reports/report-chat.tsx(100,46): error TS2322: Type 'string | null' is not assignable to type 'string | Blob | undefined'.
  Type 'null' is not assignable to type 'string | Blob | undefined'.
src/components/reports/report-generator.tsx(14,1): error TS6133: 'Badge' is declared but its value is never read.
src/components/reports/report-loading-progress.tsx(4,1): error TS6133: 'Progress' is declared but its value is never read.
src/components/reports/reports-page-client.tsx(4,10): error TS6133: 'FileText' is declared but its value is never read.
src/components/transactions/add-account-prompt-dialog.tsx(8,3): error TS6133: 'AlertDialogFooter' is declared but its value is never read.
src/components/transactions/add-transaction-dialog.tsx(4,28): error TS6133: 'useRef' is declared but its value is never read.
src/components/transactions/add-transaction-dialog.tsx(12,3): error TS6133: 'DialogTrigger' is declared but its value is never read.
src/components/transactions/add-transaction-dialog.tsx(17,1): error TS6133: 'Label' is declared but its value is never read.
src/components/transactions/add-transaction-dialog.tsx(34,10): error TS6133: 'SubmitButton' is declared but its value is never read.
src/components/transactions/add-transaction-dialog.tsx(209,9): error TS6133: 'frequencyLabels' is declared but its value is never read.
src/components/transactions/delete-transaction-dialog.tsx(6,3): error TS6133: 'AlertDialogAction' is declared but its value is never read.
src/components/transactions/delete-transaction-dialog.tsx(10,3): error TS6133: 'AlertDialogFooter' is declared but its value is never read.
src/components/transactions/delete-transaction-dialog.tsx(15,18): error TS6133: 'buttonVariants' is declared but its value is never read.
src/components/transactions/delete-transaction-dialog.tsx(16,1): error TS6133: 'DropdownMenuItem' is declared but its value is never read.
src/components/transactions/delete-transaction-dialog.tsx(21,1): error TS6133: 'cn' is declared but its value is never read.
src/components/transactions/delete-transaction-dialog.tsx(58,24): error TS6133: 'e' is declared but its value is never read.
src/components/transactions/edit-transaction-dialog.tsx(4,28): error TS6133: 'useRef' is declared but its value is never read.
src/components/transactions/edit-transaction-dialog.tsx(18,1): error TS6133: 'Label' is declared but its value is never read.
src/components/transactions/edit-transaction-dialog.tsx(20,56): error TS6133: 'PlusCircle' is declared but its value is never read.
src/components/transactions/edit-transaction-dialog.tsx(28,1): error TS6133: 'DropdownMenuItem' is declared but its value is never read.
src/components/transactions/edit-transaction-dialog.tsx(33,10): error TS6133: 'SubmitButton' is declared but its value is never read.
src/components/transactions/edit-transaction-dialog.tsx(217,9): error TS6133: 'frequencyLabels' is declared but its value is never read.
src/components/transactions/edit-transaction-sheet.tsx(5,1): error TS6133: 'useSession' is declared but its value is never read.
src/components/transactions/edit-transaction-sheet.tsx(17,3): error TS6133: 'TableBody' is declared but its value is never read.
src/components/transactions/edit-transaction-sheet.tsx(26,3): error TS6133: 'DropdownMenuItem' is declared but its value is never read.
src/components/transactions/edit-transaction-sheet.tsx(38,70): error TS6133: 'ListFilter' is declared but its value is never read.
src/components/transactions/edit-transaction-sheet.tsx(38,143): error TS6133: 'Edit' is declared but its value is never read.
src/components/transactions/edit-transaction-sheet.tsx(38,149): error TS6133: 'Trash2' is declared but its value is never read.
src/components/transactions/responsive-transaction-list.tsx(18,3): error TS6133: 'Calendar' is declared but its value is never read.
src/components/transactions/responsive-transaction-list.tsx(20,3): error TS6133: 'Repeat' is declared but its value is never read.
src/components/transactions/responsive-transaction-list.tsx(21,3): error TS6133: 'MoreHorizontal' is declared but its value is never read.
src/components/transactions/responsive-transaction-list.tsx(218,35): error TS6133: 'index' is declared but its value is never read.
src/components/transactions/transactions-page-client.tsx(5,1): error TS6133: 'Link' is declared but its value is never read.
src/components/transactions/transactions-page-client.tsx(7,48): error TS6133: 'Landmark' is declared but its value is never read.
src/components/transactions/transactions-page-client.tsx(8,37): error TS6133: 'PiggyBank' is declared but its value is never read.
src/components/transactions/transactions-page-client.tsx(8,48): error TS6133: 'MoreHorizontal' is declared but its value is never read.
src/components/transactions/transactions-page-client.tsx(10,3): error TS6133: 'ChevronDown' is declared but its value is never read.
src/components/transactions/transactions-page-client.tsx(10,16): error TS6133: 'Plus' is declared but its value is never read.
src/components/transactions/transactions-page-client.tsx(10,22): error TS6133: 'Download' is declared but its value is never read.
src/components/transactions/transactions-page-client.tsx(27,1): error TS6192: All imports in import declaration are unused.
src/components/transactions/transactions-page-client.tsx(37,10): error TS6133: 'formatDate' is declared but its value is never read.
src/components/transactions/transactions-page-client.tsx(57,7): error TS6133: 'paymentMethods' is declared but its value is never read.
src/components/transactions/transactions-page-client.tsx(66,7): error TS6133: 'getTypeDisplay' is declared but its value is never read.
src/components/transactions/transactions-page-client.tsx(148,9): error TS6133: 'years' is declared but its value is never read.
src/components/transactions/transactions-page-client.tsx(189,9): error TS6133: 'itemVariants' is declared but its value is never read.
src/components/transactions/transactions-page-client.tsx(199,9): error TS6133: 'cardBaseClasses' is declared but its value is never read.
src/components/transactions/transactions-page-client.tsx(200,9): error TS6133: 'activeClasses' is declared but its value is never read.
src/components/ui/chart.tsx(282,9): error TS2769: No overload matches this call.
  The last overload gave the following error.
    Object literal may only specify known properties, and 'payload' does not exist in type 'Partial<unknown> & Attributes'.
src/components/ui/mobile-dialog.tsx(38,9): error TS6133: 'contentRef' is declared but its value is never read.
src/components/ui/mobile-floating-nav.tsx(17,10): error TS6133: 'isNavigating' is declared but its value is never read.
src/components/ui/mobile-floating-nav.tsx(17,24): error TS6133: 'setIsNavigating' is declared but its value is never read.
src/components/ui/mobile-floating-nav.tsx(18,10): error TS6133: 'targetPath' is declared but its value is never read.
src/components/ui/mobile-floating-nav.tsx(18,22): error TS6133: 'setTargetPath' is declared but its value is never read.
src/components/ui/navigation-loader.tsx(47,11): error TS6133: 'handleComplete' is declared but its value is never read.
src/components/ui/premium-logo.tsx(19,24): error TS6133: 'e' is declared but its value is never read.
src/components/ui/progress.tsx(12,36): error TS6133: 'ref' is declared but its value is never read.
src/components/ui/quick-nav-button.tsx(3,1): error TS6133: 'useState' is declared but its value is never read.
src/components/ui/update-available-notification.tsx(29,22): error TS6133: 'setNewVersion' is declared but its value is never read.
src/components/vaults/create-vault-dialog.tsx(13,1): error TS6133: 'Switch' is declared but its value is never read.
src/components/vaults/create-vault-dialog.tsx(14,10): error TS6133: 'X' is declared but its value is never read.
src/components/vaults/edit-vault-dialog.tsx(13,1): error TS6133: 'Switch' is declared but its value is never read.
src/components/vaults/edit-vault-dialog.tsx(54,1): error TS6192: All imports in import declaration are unused.
src/components/vaults/edit-vault-dialog.tsx(197,9): error TS6133: 'handleRemoveImage' is declared but its value is never read.
src/components/vaults/vault-creation-success-dialog.tsx(10,18): error TS6133: 'AnimatePresence' is declared but its value is never read.
src/components/vaults/vaults-page-client.tsx(19,3): error TS6133: 'UserPlus' is declared but its value is never read.
src/components/vaults/vaults-page-client.tsx(23,3): error TS6133: 'Tooltip' is declared but its value is never read.
src/components/vaults/vaults-page-client.tsx(24,3): error TS6133: 'TooltipContent' is declared but its value is never read.
src/components/vaults/vaults-page-client.tsx(26,3): error TS6133: 'TooltipTrigger' is declared but its value is never read.
src/components/vaults/vaults-page-client.tsx(43,1): error TS6133: 'useAuthLoading' is declared but its value is never read.
src/components/vaults/vaults-page-client.tsx(53,1): error TS6133: 'LoadingScreen' is declared but its value is never read.
src/components/vaults/vaults-page-client.tsx(333,9): error TS6133: 'remainingMembers' is declared but its value is never read.
src/components/vaults/vaults-page-client.tsx(444,11): error TS6133: 'isLoading' is declared but its value is never read.
src/components/vaults/vaults-page-client.tsx(444,22): error TS6133: 'message' is declared but its value is never read.
src/hooks/use-404-analytics.ts(43,11): error TS6133: 'segments' is declared but its value is never read.
src/hooks/use-celebration-effects.ts(52,69): error TS6133: 'goalCount' is declared but its value is never read.
src/lib/access-control.ts(97,38): error TS6133: 'user' is declared but its value is never read.
src/lib/action-helpers.ts(60,11): error TS6133: 'accessInfo' is declared but its value is never read.
src/lib/auth.ts(8,1): error TS6133: 'CategoryService' is declared but its value is never read.
src/lib/auth.ts(11,7): error TS6133: 'getBaseUrl' is declared but its value is never read.
src/lib/auth.ts(97,18): error TS6198: All destructured elements are unused.
src/lib/auth.ts(134,30): error TS6133: 'account' is declared but its value is never read.
src/lib/data.ts(5,73): error TS6196: 'SavedReport' is declared but never used.
src/lib/data.ts(27,42): error TS6133: 'userId' is declared but its value is never read.
src/lib/data.ts(27,65): error TS6133: 'workspaceId' is declared but its value is never read.
src/lib/data.ts(27,93): error TS6133: 'fetchAll' is declared but its value is never read.
src/services/vault.service.ts(750,16): error TS6133: 'NotificationService' is declared but its value is never read.
